<?xml version="1.0" encoding="UTF-8"?>
<testng-results ignored="0" total="1" passed="1" failed="0" skipped="0">
  <reporter-output>
  </reporter-output>
  <suite started-at="2023-10-12T08:49:07 IST" name="Default suite" finished-at="2023-10-12T08:49:41 IST" duration-ms="33307">
    <groups>
    </groups>
    <test started-at="2023-10-12T08:49:07 IST" name="Default test" finished-at="2023-10-12T08:49:41 IST" duration-ms="33307">
      <class name="com.testcases.MoveStockTest">
        <test-method is-config="true" signature="setup()[pri:0, instance:com.testcases.MoveStockTest@692f203f]" started-at="2023-10-12T08:49:07 IST" name="setup" finished-at="2023-10-12T08:49:14 IST" duration-ms="6129" status="PASS">
          <reporter-output>
          </reporter-output>
        </test-method> <!-- setup -->
        <test-method signature="stockmovevalidation()[pri:0, instance:com.testcases.MoveStockTest@692f203f]" started-at="2023-10-12T08:49:14 IST" name="stockmovevalidation" finished-at="2023-10-12T08:49:41 IST" duration-ms="27097" status="PASS">
          <reporter-output>
          </reporter-output>
        </test-method> <!-- stockmovevalidation -->
      </class> <!-- com.testcases.MoveStockTest -->
    </test> <!-- Default test -->
  </suite> <!-- Default suite -->
</testng-results>
