<?xml version="1.0" encoding="UTF-8"?>
<testng-results ignored="0" total="1" passed="1" failed="0" skipped="0">
  <reporter-output>
  </reporter-output>
  <suite started-at="2023-11-03T11:59:16 IST" name="Suite" finished-at="2023-11-03T12:00:05 IST" duration-ms="48705">
    <groups>
    </groups>
    <test started-at="2023-11-03T11:59:16 IST" name="Test" finished-at="2023-11-03T12:00:05 IST" duration-ms="48705">
      <class name="com.testcases.AddProductTest">
        <test-method is-config="true" signature="setup()[pri:0, instance:com.testcases.AddProductTest@1d296da]" started-at="2023-11-03T11:59:17 IST" name="setup" finished-at="2023-11-03T11:59:28 IST" duration-ms="10651" status="PASS">
          <reporter-output>
          </reporter-output>
        </test-method> <!-- setup -->
        <test-method signature="addproductvalidation(java.lang.String,java.lang.String,java.lang.String,java.lang.String,java.lang.String,java.lang.String,java.lang.String,java.lang.String,java.lang.String)[pri:0, instance:com.testcases.AddProductTest@1d296da]" started-at="2023-11-03T11:59:28 IST" name="addproductvalidation" data-provider="dataload" finished-at="2023-11-03T12:00:05 IST" duration-ms="36711" status="PASS">
          <params>
            <param index="0">
              <value>
                <![CDATA[p113]]>
              </value>
            </param>
            <param index="1">
              <value>
                <![CDATA[Chair]]>
              </value>
            </param>
            <param index="2">
              <value>
                <![CDATA[WoodChair]]>
              </value>
            </param>
            <param index="3">
              <value>
                <![CDATA[5]]>
              </value>
            </param>
            <param index="4">
              <value>
                <![CDATA[3.5]]>
              </value>
            </param>
            <param index="5">
              <value>
                <![CDATA[4]]>
              </value>
            </param>
            <param index="6">
              <value>
                <![CDATA[Yellow]]>
              </value>
            </param>
            <param index="7">
              <value>
                <![CDATA[2000]]>
              </value>
            </param>
            <param index="8">
              <value>
                <![CDATA[4]]>
              </value>
            </param>
          </params>
          <reporter-output>
          </reporter-output>
        </test-method> <!-- addproductvalidation -->
        <test-method is-config="true" signature="teardown()[pri:0, instance:com.testcases.AddProductTest@1d296da]" started-at="2023-11-03T12:00:05 IST" name="teardown" finished-at="2023-11-03T12:00:05 IST" duration-ms="14" status="PASS">
          <reporter-output>
          </reporter-output>
        </test-method> <!-- teardown -->
      </class> <!-- com.testcases.AddProductTest -->
    </test> <!-- Test -->
  </suite> <!-- Suite -->
</testng-results>
