<?xml version="1.0" encoding="UTF-8"?>
<!-- Generated by org.testng.reporters.JUnitXMLReporter -->
<testsuite ignored="1" hostname="DESKTOP-BEU6QF0" failures="0" tests="1" name="Default test" time="21.601" errors="0" timestamp="2023-11-01T11:12:51 IST">
  <testcase classname="com.testcases.EndToEndTest" name="salesorderdispatchvalidation" time="17.2"/>
  <testcase classname="com.testcases.EndToEndTest" name="salesexecutivevalidation" time="0.0">
    <ignored/>
  </testcase> <!-- salesexecutivevalidation -->
</testsuite> <!-- Default test -->
